BOT_VIEWER_PRETTIER: 0
Using X Visual 0x156
loading new robot with 2 links
successfully loaded model
loading new robot with 2 links
successfully loaded model
loading new robot with 2 links
successfully loaded model
OpenGL Error on draw #13 (LCM GL)
invalid operation
OpenGL Error on draw #14 (LCM GL)
invalid operation
OpenGL Error on draw #15 (LCM GL)
invalid operation
OpenGL Error on draw #16 (LCM GL)
invalid operation
OpenGL Error on draw #17 (LCM GL)
invalid operation
OpenGL Error on draw #18 (LCM GL)
invalid operation
OpenGL Error on draw #19 (LCM GL)
invalid operation
OpenGL Error on draw #20 (LCM GL)
invalid operation
OpenGL Error on draw #21 (LCM GL)
invalid operation
OpenGL Error on draw #22 (LCM GL)
invalid operation
OpenGL Error on draw #23 (LCM GL)
invalid operation
OpenGL Error on draw #24 (LCM GL)
invalid operation
OpenGL Error on draw #25 (LCM GL)
invalid operation
OpenGL Error on draw #26 (LCM GL)
invalid operation
OpenGL Error on draw #27 (LCM GL)
invalid operation
OpenGL Error on draw #28 (LCM GL)
invalid operation
OpenGL Error on draw #29 (LCM GL)
invalid operation
OpenGL Error on draw #30 (LCM GL)
invalid operation
OpenGL Error on draw #31 (LCM GL)
invalid operation
OpenGL Error on draw #32 (LCM GL)
invalid operation
OpenGL Error on draw #33 (LCM GL)
invalid operation
OpenGL Error on draw #34 (LCM GL)
invalid operation
OpenGL Error on draw #35 (LCM GL)
invalid operation
OpenGL Error on draw #36 (LCM GL)
invalid operation
OpenGL Error on draw #37 (LCM GL)
invalid operation
OpenGL Error on draw #38 (LCM GL)
invalid operation
OpenGL Error on draw #39 (LCM GL)
invalid operation
OpenGL Error on draw #40 (LCM GL)
invalid operation
OpenGL Error on draw #41 (LCM GL)
invalid operation
OpenGL Error on draw #42 (LCM GL)
invalid operation
OpenGL Error on draw #43 (LCM GL)
invalid operation
OpenGL Error on draw #44 (LCM GL)
invalid operation
OpenGL Error on draw #45 (LCM GL)
invalid operation
OpenGL Error on draw #46 (LCM GL)
invalid operation
OpenGL Error on draw #47 (LCM GL)
invalid operation
OpenGL Error on draw #48 (LCM GL)
invalid operation
OpenGL Error on draw #49 (LCM GL)
invalid operation
OpenGL Error on draw #50 (LCM GL)
invalid operation
OpenGL Error on draw #51 (LCM GL)
invalid operation
OpenGL Error on draw #52 (LCM GL)
invalid operation
OpenGL Error on draw #53 (LCM GL)
invalid operation
OpenGL Error on draw #54 (LCM GL)
invalid operation
OpenGL Error on draw #55 (LCM GL)
invalid operation
OpenGL Error on draw #56 (LCM GL)
invalid operation
OpenGL Error on draw #57 (LCM GL)
invalid operation
OpenGL Error on draw #58 (LCM GL)
invalid operation
OpenGL Error on draw #59 (LCM GL)
invalid operation
OpenGL Error on draw #60 (LCM GL)
invalid operation
OpenGL Error on draw #61 (LCM GL)
invalid operation
OpenGL Error on draw #62 (LCM GL)
invalid operation
OpenGL Error on draw #63 (LCM GL)
invalid operation
OpenGL Error on draw #64 (LCM GL)
invalid operation
OpenGL Error on draw #65 (LCM GL)
invalid operation
OpenGL Error on draw #66 (LCM GL)
invalid operation
OpenGL Error on draw #67 (LCM GL)
invalid operation
OpenGL Error on draw #68 (LCM GL)
invalid operation
OpenGL Error on draw #69 (LCM GL)
invalid operation
OpenGL Error on draw #70 (LCM GL)
invalid operation
OpenGL Error on draw #71 (LCM GL)
invalid operation
OpenGL Error on draw #72 (LCM GL)
invalid operation
OpenGL Error on draw #73 (LCM GL)
invalid operation
OpenGL Error on draw #74 (LCM GL)
invalid operation
OpenGL Error on draw #75 (LCM GL)
invalid operation
OpenGL Error on draw #76 (LCM GL)
invalid operation
OpenGL Error on draw #77 (LCM GL)
invalid operation
OpenGL Error on draw #78 (LCM GL)
invalid operation
OpenGL Error on draw #79 (LCM GL)
invalid operation
OpenGL Error on draw #80 (LCM GL)
invalid operation
OpenGL Error on draw #81 (LCM GL)
invalid operation
OpenGL Error on draw #82 (LCM GL)
invalid operation
OpenGL Error on draw #83 (LCM GL)
invalid operation
OpenGL Error on draw #84 (LCM GL)
invalid operation
OpenGL Error on draw #85 (LCM GL)
invalid operation
OpenGL Error on draw #86 (LCM GL)
invalid operation
OpenGL Error on draw #87 (LCM GL)
invalid operation
OpenGL Error on draw #88 (LCM GL)
invalid operation
OpenGL Error on draw #89 (LCM GL)
invalid operation
OpenGL Error on draw #90 (LCM GL)
invalid operation
OpenGL Error on draw #91 (LCM GL)
invalid operation
OpenGL Error on draw #92 (LCM GL)
invalid operation
OpenGL Error on draw #93 (LCM GL)
invalid operation
OpenGL Error on draw #94 (LCM GL)
invalid operation
OpenGL Error on draw #95 (LCM GL)
invalid operation
OpenGL Error on draw #96 (LCM GL)
invalid operation
OpenGL Error on draw #97 (LCM GL)
invalid operation
OpenGL Error on draw #98 (LCM GL)
invalid operation
OpenGL Error on draw #99 (LCM GL)
invalid operation
OpenGL Error on draw #100 (LCM GL)
invalid operation
OpenGL Error on draw #101 (LCM GL)
invalid operation
OpenGL Error on draw #102 (LCM GL)
invalid operation
OpenGL Error on draw #103 (LCM GL)
invalid operation
OpenGL Error on draw #104 (LCM GL)
invalid operation
OpenGL Error on draw #105 (LCM GL)
invalid operation
OpenGL Error on draw #106 (LCM GL)
invalid operation
OpenGL Error on draw #107 (LCM GL)
invalid operation
OpenGL Error on draw #108 (LCM GL)
invalid operation
OpenGL Error on draw #109 (LCM GL)
invalid operation
OpenGL Error on draw #110 (LCM GL)
invalid operation
OpenGL Error on draw #111 (LCM GL)
invalid operation
OpenGL Error on draw #112 (LCM GL)
invalid operation
OpenGL Error on draw #113 (LCM GL)
invalid operation
OpenGL Error on draw #114 (LCM GL)
invalid operation
OpenGL Error on draw #115 (LCM GL)
invalid operation
OpenGL Error on draw #116 (LCM GL)
invalid operation
OpenGL Error on draw #117 (LCM GL)
invalid operation
OpenGL Error on draw #118 (LCM GL)
invalid operation
OpenGL Error on draw #119 (LCM GL)
invalid operation
OpenGL Error on draw #120 (LCM GL)
invalid operation
OpenGL Error on draw #121 (LCM GL)
invalid operation
OpenGL Error on draw #122 (LCM GL)
invalid operation
OpenGL Error on draw #123 (LCM GL)
invalid operation
OpenGL Error on draw #124 (LCM GL)
invalid operation
OpenGL Error on draw #125 (LCM GL)
invalid operation
OpenGL Error on draw #126 (LCM GL)
invalid operation
OpenGL Error on draw #127 (LCM GL)
invalid operation
OpenGL Error on draw #128 (LCM GL)
invalid operation
OpenGL Error on draw #129 (LCM GL)
invalid operation
OpenGL Error on draw #130 (LCM GL)
invalid operation
OpenGL Error on draw #131 (LCM GL)
invalid operation
OpenGL Error on draw #132 (LCM GL)
invalid operation
OpenGL Error on draw #133 (LCM GL)
invalid operation
OpenGL Error on draw #134 (LCM GL)
invalid operation
OpenGL Error on draw #135 (LCM GL)
invalid operation
OpenGL Error on draw #136 (LCM GL)
invalid operation
OpenGL Error on draw #137 (LCM GL)
invalid operation
OpenGL Error on draw #138 (LCM GL)
invalid operation
OpenGL Error on draw #139 (LCM GL)
invalid operation
OpenGL Error on draw #140 (LCM GL)
invalid operation
OpenGL Error on draw #141 (LCM GL)
invalid operation
OpenGL Error on draw #142 (LCM GL)
invalid operation
OpenGL Error on draw #143 (LCM GL)
invalid operation
OpenGL Error on draw #144 (LCM GL)
invalid operation
OpenGL Error on draw #145 (LCM GL)
invalid operation
OpenGL Error on draw #146 (LCM GL)
invalid operation
OpenGL Error on draw #147 (LCM GL)
invalid operation
OpenGL Error on draw #148 (LCM GL)
invalid operation
OpenGL Error on draw #149 (LCM GL)
invalid operation
OpenGL Error on draw #150 (LCM GL)
invalid operation
OpenGL Error on draw #151 (LCM GL)
invalid operation
OpenGL Error on draw #152 (LCM GL)
invalid operation
OpenGL Error on draw #153 (LCM GL)
invalid operation
OpenGL Error on draw #154 (LCM GL)
invalid operation
OpenGL Error on draw #155 (LCM GL)
invalid operation
OpenGL Error on draw #156 (LCM GL)
invalid operation
OpenGL Error on draw #157 (LCM GL)
invalid operation
OpenGL Error on draw #158 (LCM GL)
invalid operation
OpenGL Error on draw #159 (LCM GL)
invalid operation
OpenGL Error on draw #160 (LCM GL)
invalid operation
OpenGL Error on draw #161 (LCM GL)
invalid operation
OpenGL Error on draw #162 (LCM GL)
invalid operation
OpenGL Error on draw #163 (LCM GL)
invalid operation
OpenGL Error on draw #164 (LCM GL)
invalid operation
OpenGL Error on draw #165 (LCM GL)
invalid operation
OpenGL Error on draw #166 (LCM GL)
invalid operation
OpenGL Error on draw #167 (LCM GL)
invalid operation
OpenGL Error on draw #168 (LCM GL)
invalid operation
OpenGL Error on draw #169 (LCM GL)
invalid operation
OpenGL Error on draw #170 (LCM GL)
invalid operation
OpenGL Error on draw #171 (LCM GL)
invalid operation
OpenGL Error on draw #172 (LCM GL)
invalid operation
OpenGL Error on draw #173 (LCM GL)
invalid operation
OpenGL Error on draw #174 (LCM GL)
invalid operation
OpenGL Error on draw #175 (LCM GL)
invalid operation
OpenGL Error on draw #176 (LCM GL)
invalid operation
OpenGL Error on draw #177 (LCM GL)
invalid operation
OpenGL Error on draw #178 (LCM GL)
invalid operation
OpenGL Error on draw #179 (LCM GL)
invalid operation
OpenGL Error on draw #180 (LCM GL)
invalid operation
OpenGL Error on draw #181 (LCM GL)
invalid operation
OpenGL Error on draw #182 (LCM GL)
invalid operation
OpenGL Error on draw #183 (LCM GL)
invalid operation
OpenGL Error on draw #184 (LCM GL)
invalid operation
OpenGL Error on draw #185 (LCM GL)
invalid operation
OpenGL Error on draw #186 (LCM GL)
invalid operation
OpenGL Error on draw #187 (LCM GL)
invalid operation
OpenGL Error on draw #188 (LCM GL)
invalid operation
OpenGL Error on draw #189 (LCM GL)
invalid operation
OpenGL Error on draw #190 (LCM GL)
invalid operation
OpenGL Error on draw #191 (LCM GL)
invalid operation
OpenGL Error on draw #192 (LCM GL)
invalid operation
OpenGL Error on draw #193 (LCM GL)
invalid operation
OpenGL Error on draw #194 (LCM GL)
invalid operation
OpenGL Error on draw #195 (LCM GL)
invalid operation
OpenGL Error on draw #196 (LCM GL)
invalid operation
OpenGL Error on draw #197 (LCM GL)
invalid operation
OpenGL Error on draw #198 (LCM GL)
invalid operation
OpenGL Error on draw #199 (LCM GL)
invalid operation
OpenGL Error on draw #200 (LCM GL)
invalid operation
OpenGL Error on draw #201 (LCM GL)
invalid operation
OpenGL Error on draw #202 (LCM GL)
invalid operation
OpenGL Error on draw #203 (LCM GL)
invalid operation
OpenGL Error on draw #204 (LCM GL)
invalid operation
OpenGL Error on draw #205 (LCM GL)
invalid operation
OpenGL Error on draw #206 (LCM GL)
invalid operation
OpenGL Error on draw #207 (LCM GL)
invalid operation
OpenGL Error on draw #208 (LCM GL)
invalid operation
OpenGL Error on draw #209 (LCM GL)
invalid operation
OpenGL Error on draw #210 (LCM GL)
invalid operation
OpenGL Error on draw #211 (LCM GL)
invalid operation
OpenGL Error on draw #212 (LCM GL)
invalid operation
OpenGL Error on draw #213 (LCM GL)
invalid operation
OpenGL Error on draw #214 (LCM GL)
invalid operation
OpenGL Error on draw #215 (LCM GL)
invalid operation
OpenGL Error on draw #216 (LCM GL)
invalid operation
OpenGL Error on draw #217 (LCM GL)
invalid operation
OpenGL Error on draw #218 (LCM GL)
invalid operation
OpenGL Error on draw #219 (LCM GL)
invalid operation
OpenGL Error on draw #220 (LCM GL)
invalid operation
OpenGL Error on draw #221 (LCM GL)
invalid operation
drake_viewer: Fatal IO error 35 (Resource temporarily unavailable) on X server /private/tmp/com.apple.launchd.YwMkFLWhzI/org.macosforge.xquartz:0.
XIO:  fatal IO error 35 (Resource temporarily unavailable) on X server "/private/tmp/com.apple.launchd.YwMkFLWhzI/org.macosforge.xquartz:0"
      after 19 requests (19 known processed) with 0 events remaining.
